<?xml version="1.0" encoding="UTF-8" ?>
<testsuite tests="1" failures="0" name="camelinaction.SpringTransformMethodTest" time="0.193" errors="0" skipped="0">
  <properties>
    <property name="java.runtime.name" value="Java(TM) SE Runtime Environment"/>
    <property name="sun.boot.library.path" value="/Library/Java/JavaVirtualMachines/jdk1.8.0_73.jdk/Contents/Home/jre/lib"/>
    <property name="java.vm.version" value="25.73-b02"/>
    <property name="user.country.format" value="DK"/>
    <property name="gopherProxySet" value="false"/>
    <property name="java.vm.vendor" value="Oracle Corporation"/>
    <property name="java.vendor.url" value="http://java.oracle.com/"/>
    <property name="path.separator" value=":"/>
    <property name="java.vm.name" value="Java HotSpot(TM) 64-Bit Server VM"/>
    <property name="file.encoding.pkg" value="sun.io"/>
    <property name="user.country" value="US"/>
    <property name="sun.java.launcher" value="SUN_STANDARD"/>
    <property name="sun.os.patch.level" value="unknown"/>
    <property name="org.apache.camel.jmx.disabled" value="true"/>
    <property name="java.vm.specification.name" value="Java Virtual Machine Specification"/>
    <property name="user.dir" value="/Users/lorr/KEA teaching/Systems Integration/camelinaction-master/chapter3/transform"/>
    <property name="java.runtime.version" value="1.8.0_73-b02"/>
    <property name="java.awt.graphicsenv" value="sun.awt.CGraphicsEnvironment"/>
    <property name="basedir" value="/Users/lorr/KEA teaching/Systems Integration/camelinaction-master/chapter3/transform"/>
    <property name="java.endorsed.dirs" value="/Library/Java/JavaVirtualMachines/jdk1.8.0_73.jdk/Contents/Home/jre/lib/endorsed"/>
    <property name="os.arch" value="x86_64"/>
    <property name="surefire.real.class.path" value="/var/folders/z7/1rjwkrn949l6_4r0wdkxs71c0000gn/T/surefirebooter1963952870975051494.jar"/>
    <property name="java.io.tmpdir" value="/var/folders/z7/1rjwkrn949l6_4r0wdkxs71c0000gn/T/"/>
    <property name="line.separator" value="
"/>
    <property name="java.vm.specification.vendor" value="Oracle Corporation"/>
    <property name="os.name" value="Mac OS X"/>
    <property name="sun.jnu.encoding" value="UTF-8"/>
    <property name="java.library.path" value="/Users/lorr/Library/Java/Extensions:/Library/Java/Extensions:/Network/Library/Java/Extensions:/System/Library/Java/Extensions:/usr/lib/java:."/>
    <property name="surefire.test.class.path" value="/Users/lorr/KEA teaching/Systems Integration/camelinaction-master/chapter3/transform/target/test-classes:/Users/lorr/KEA teaching/Systems Integration/camelinaction-master/chapter3/transform/target/classes:/Users/lorr/.m2/repository/org/apache/camel/camel-core/2.15.2/camel-core-2.15.2.jar:/Users/lorr/.m2/repository/org/slf4j/slf4j-api/1.7.5/slf4j-api-1.7.5.jar:/Users/lorr/.m2/repository/com/sun/xml/bind/jaxb-core/2.2.11/jaxb-core-2.2.11.jar:/Users/lorr/.m2/repository/com/sun/xml/bind/jaxb-impl/2.2.11/jaxb-impl-2.2.11.jar:/Users/lorr/.m2/repository/org/apache/camel/camel-spring/2.15.2/camel-spring-2.15.2.jar:/Users/lorr/.m2/repository/org/springframework/spring-context/4.1.6.RELEASE/spring-context-4.1.6.RELEASE.jar:/Users/lorr/.m2/repository/org/springframework/spring-aop/4.1.6.RELEASE/spring-aop-4.1.6.RELEASE.jar:/Users/lorr/.m2/repository/aopalliance/aopalliance/1.0/aopalliance-1.0.jar:/Users/lorr/.m2/repository/org/springframework/spring-tx/4.1.6.RELEASE/spring-tx-4.1.6.RELEASE.jar:/Users/lorr/.m2/repository/org/apache/camel/camel-test-spring/2.15.2/camel-test-spring-2.15.2.jar:/Users/lorr/.m2/repository/org/apache/camel/camel-test/2.15.2/camel-test-2.15.2.jar:/Users/lorr/.m2/repository/org/springframework/spring-test/4.1.6.RELEASE/spring-test-4.1.6.RELEASE.jar:/Users/lorr/.m2/repository/org/springframework/spring-beans/4.1.6.RELEASE/spring-beans-4.1.6.RELEASE.jar:/Users/lorr/.m2/repository/org/springframework/spring-expression/4.1.6.RELEASE/spring-expression-4.1.6.RELEASE.jar:/Users/lorr/.m2/repository/org/springframework/spring-core/4.1.6.RELEASE/spring-core-4.1.6.RELEASE.jar:/Users/lorr/.m2/repository/commons-logging/commons-logging/1.2/commons-logging-1.2.jar:/Users/lorr/.m2/repository/log4j/log4j/1.2.17/log4j-1.2.17.jar:/Users/lorr/.m2/repository/org/slf4j/slf4j-log4j12/1.7.5/slf4j-log4j12-1.7.5.jar:/Users/lorr/.m2/repository/junit/junit/4.11/junit-4.11.jar:/Users/lorr/.m2/repository/org/hamcrest/hamcrest-core/1.3/hamcrest-core-1.3.jar:/Users/lorr/.m2/repository/org/apache/activemq/activemq-all/5.11.1/activemq-all-5.11.1.jar:/Users/lorr/.m2/repository/org/apache/camel/camel-jms/2.15.2/camel-jms-2.15.2.jar:/Users/lorr/.m2/repository/org/springframework/spring-jms/4.1.6.RELEASE/spring-jms-4.1.6.RELEASE.jar:/Users/lorr/.m2/repository/org/springframework/spring-messaging/4.1.6.RELEASE/spring-messaging-4.1.6.RELEASE.jar:/Users/lorr/.m2/repository/org/apache/camel/camel-restlet/2.15.2/camel-restlet-2.15.2.jar:/Users/lorr/.m2/repository/org/restlet/jee/org.restlet/2.2.3/org.restlet-2.2.3.jar:/Users/lorr/.m2/repository/org/restlet/jee/org.restlet.ext.httpclient/2.2.3/org.restlet.ext.httpclient-2.2.3.jar:/Users/lorr/.m2/repository/commons-codec/commons-codec/1.5/commons-codec-1.5.jar:/Users/lorr/.m2/repository/org/apache/httpcomponents/httpcore/4.3.1/httpcore-4.3.1.jar:/Users/lorr/.m2/repository/org/apache/httpcomponents/httpmime/4.3/httpmime-4.3.jar:/Users/lorr/.m2/repository/net/jcip/jcip-annotations/1.0/jcip-annotations-1.0.jar:/Users/lorr/.m2/repository/org/apache/james/apache-mime4j-core/0.7.2/apache-mime4j-core-0.7.2.jar:/Users/lorr/.m2/repository/org/apache/httpcomponents/httpclient/4.3.6/httpclient-4.3.6.jar:"/>
    <property name="java.specification.name" value="Java Platform API Specification"/>
    <property name="java.class.version" value="52.0"/>
    <property name="sun.management.compiler" value="HotSpot 64-Bit Tiered Compilers"/>
    <property name="os.version" value="10.11.3"/>
    <property name="http.nonProxyHosts" value="local|*.local|169.254/16|*.169.254/16"/>
    <property name="user.home" value="/Users/lorr"/>
    <property name="user.timezone" value="Europe/Copenhagen"/>
    <property name="java.awt.printerjob" value="sun.lwawt.macosx.CPrinterJob"/>
    <property name="java.specification.version" value="1.8"/>
    <property name="file.encoding" value="UTF-8"/>
    <property name="user.name" value="lorr"/>
    <property name="java.class.path" value="/Users/lorr/KEA teaching/Systems Integration/camelinaction-master/chapter3/transform/target/test-classes:/Users/lorr/KEA teaching/Systems Integration/camelinaction-master/chapter3/transform/target/classes:/Users/lorr/.m2/repository/org/apache/camel/camel-core/2.15.2/camel-core-2.15.2.jar:/Users/lorr/.m2/repository/org/slf4j/slf4j-api/1.7.5/slf4j-api-1.7.5.jar:/Users/lorr/.m2/repository/com/sun/xml/bind/jaxb-core/2.2.11/jaxb-core-2.2.11.jar:/Users/lorr/.m2/repository/com/sun/xml/bind/jaxb-impl/2.2.11/jaxb-impl-2.2.11.jar:/Users/lorr/.m2/repository/org/apache/camel/camel-spring/2.15.2/camel-spring-2.15.2.jar:/Users/lorr/.m2/repository/org/springframework/spring-context/4.1.6.RELEASE/spring-context-4.1.6.RELEASE.jar:/Users/lorr/.m2/repository/org/springframework/spring-aop/4.1.6.RELEASE/spring-aop-4.1.6.RELEASE.jar:/Users/lorr/.m2/repository/aopalliance/aopalliance/1.0/aopalliance-1.0.jar:/Users/lorr/.m2/repository/org/springframework/spring-tx/4.1.6.RELEASE/spring-tx-4.1.6.RELEASE.jar:/Users/lorr/.m2/repository/org/apache/camel/camel-test-spring/2.15.2/camel-test-spring-2.15.2.jar:/Users/lorr/.m2/repository/org/apache/camel/camel-test/2.15.2/camel-test-2.15.2.jar:/Users/lorr/.m2/repository/org/springframework/spring-test/4.1.6.RELEASE/spring-test-4.1.6.RELEASE.jar:/Users/lorr/.m2/repository/org/springframework/spring-beans/4.1.6.RELEASE/spring-beans-4.1.6.RELEASE.jar:/Users/lorr/.m2/repository/org/springframework/spring-expression/4.1.6.RELEASE/spring-expression-4.1.6.RELEASE.jar:/Users/lorr/.m2/repository/org/springframework/spring-core/4.1.6.RELEASE/spring-core-4.1.6.RELEASE.jar:/Users/lorr/.m2/repository/commons-logging/commons-logging/1.2/commons-logging-1.2.jar:/Users/lorr/.m2/repository/log4j/log4j/1.2.17/log4j-1.2.17.jar:/Users/lorr/.m2/repository/org/slf4j/slf4j-log4j12/1.7.5/slf4j-log4j12-1.7.5.jar:/Users/lorr/.m2/repository/junit/junit/4.11/junit-4.11.jar:/Users/lorr/.m2/repository/org/hamcrest/hamcrest-core/1.3/hamcrest-core-1.3.jar:/Users/lorr/.m2/repository/org/apache/activemq/activemq-all/5.11.1/activemq-all-5.11.1.jar:/Users/lorr/.m2/repository/org/apache/camel/camel-jms/2.15.2/camel-jms-2.15.2.jar:/Users/lorr/.m2/repository/org/springframework/spring-jms/4.1.6.RELEASE/spring-jms-4.1.6.RELEASE.jar:/Users/lorr/.m2/repository/org/springframework/spring-messaging/4.1.6.RELEASE/spring-messaging-4.1.6.RELEASE.jar:/Users/lorr/.m2/repository/org/apache/camel/camel-restlet/2.15.2/camel-restlet-2.15.2.jar:/Users/lorr/.m2/repository/org/restlet/jee/org.restlet/2.2.3/org.restlet-2.2.3.jar:/Users/lorr/.m2/repository/org/restlet/jee/org.restlet.ext.httpclient/2.2.3/org.restlet.ext.httpclient-2.2.3.jar:/Users/lorr/.m2/repository/commons-codec/commons-codec/1.5/commons-codec-1.5.jar:/Users/lorr/.m2/repository/org/apache/httpcomponents/httpcore/4.3.1/httpcore-4.3.1.jar:/Users/lorr/.m2/repository/org/apache/httpcomponents/httpmime/4.3/httpmime-4.3.jar:/Users/lorr/.m2/repository/net/jcip/jcip-annotations/1.0/jcip-annotations-1.0.jar:/Users/lorr/.m2/repository/org/apache/james/apache-mime4j-core/0.7.2/apache-mime4j-core-0.7.2.jar:/Users/lorr/.m2/repository/org/apache/httpcomponents/httpclient/4.3.6/httpclient-4.3.6.jar:"/>
    <property name="java.vm.specification.version" value="1.8"/>
    <property name="sun.arch.data.model" value="64"/>
    <property name="java.home" value="/Library/Java/JavaVirtualMachines/jdk1.8.0_73.jdk/Contents/Home/jre"/>
    <property name="sun.java.command" value="/var/folders/z7/1rjwkrn949l6_4r0wdkxs71c0000gn/T/surefirebooter1963952870975051494.jar /var/folders/z7/1rjwkrn949l6_4r0wdkxs71c0000gn/T/surefire3182627395326048696tmp /var/folders/z7/1rjwkrn949l6_4r0wdkxs71c0000gn/T/surefire5851497763993105373tmp"/>
    <property name="java.specification.vendor" value="Oracle Corporation"/>
    <property name="user.language" value="en"/>
    <property name="awt.toolkit" value="sun.lwawt.macosx.LWCToolkit"/>
    <property name="java.vm.info" value="mixed mode"/>
    <property name="java.version" value="1.8.0_73"/>
    <property name="java.ext.dirs" value="/Users/lorr/Library/Java/Extensions:/Library/Java/JavaVirtualMachines/jdk1.8.0_73.jdk/Contents/Home/jre/lib/ext:/Library/Java/Extensions:/Network/Library/Java/Extensions:/System/Library/Java/Extensions:/usr/lib/java"/>
    <property name="sun.boot.class.path" value="/Library/Java/JavaVirtualMachines/jdk1.8.0_73.jdk/Contents/Home/jre/lib/resources.jar:/Library/Java/JavaVirtualMachines/jdk1.8.0_73.jdk/Contents/Home/jre/lib/rt.jar:/Library/Java/JavaVirtualMachines/jdk1.8.0_73.jdk/Contents/Home/jre/lib/sunrsasign.jar:/Library/Java/JavaVirtualMachines/jdk1.8.0_73.jdk/Contents/Home/jre/lib/jsse.jar:/Library/Java/JavaVirtualMachines/jdk1.8.0_73.jdk/Contents/Home/jre/lib/jce.jar:/Library/Java/JavaVirtualMachines/jdk1.8.0_73.jdk/Contents/Home/jre/lib/charsets.jar:/Library/Java/JavaVirtualMachines/jdk1.8.0_73.jdk/Contents/Home/jre/lib/jfr.jar:/Library/Java/JavaVirtualMachines/jdk1.8.0_73.jdk/Contents/Home/jre/classes"/>
    <property name="java.vendor" value="Oracle Corporation"/>
    <property name="localRepository" value="/Users/lorr/.m2/repository"/>
    <property name="file.separator" value="/"/>
    <property name="java.vendor.url.bug" value="http://bugreport.sun.com/bugreport/"/>
    <property name="sun.cpu.endian" value="little"/>
    <property name="sun.io.unicode.encoding" value="UnicodeBig"/>
    <property name="socksNonProxyHosts" value="local|*.local|169.254/16|*.169.254/16"/>
    <property name="ftp.nonProxyHosts" value="local|*.local|169.254/16|*.169.254/16"/>
    <property name="sun.cpu.isalist" value=""/>
  </properties>
  <testcase classname="camelinaction.SpringTransformMethodTest" name="testTransform" time="0.192"/>
</testsuite>